<?xml version="1.0" encoding="UTF-8"?>
<testsuite xmlns:xsi="http://www.w3.org/2001/XMLSchema-instance" xsi:noNamespaceSchemaLocation="https://maven.apache.org/surefire/maven-surefire-plugin/xsd/surefire-test-report-3.0.xsd" version="3.0" name="TestSuite" time="14.785" tests="3" errors="0" skipped="0" failures="0">
  <properties>
[...]
</properties>
  <testcase name="runScenario" classname="com.cucumber.runner.RunnerFile" time="5.602"/>
  <testcase name="runScenario" classname="com.cucumber.runner.RunnerFile" time="4.169"/>
  <testcase name="runScenario" classname="com.cucumber.runner.RunnerFile" time="3.781"/>
</testsuite>