<?xml version="1.0" encoding="UTF-8"?>
<testng-results ignored="0" total="3" passed="3" failed="0" skipped="0">
  <reporter-output>
  </reporter-output>
  <suite started-at="2022-02-20T13:12:51 EST" name="Suite" finished-at="2022-02-20T13:13:05 EST" duration-ms="14222">
    <groups>
      <group name="cucumber">
        <method signature="AbstractTestNGCucumberTests.runScenario(io.cucumber.testng.PickleWrapper,io.cucumber.testng.FeatureWrapper)[pri:0, instance:com.cucumber.runner.RunnerFile@593aaf41]" name="runScenario" class="io.cucumber.testng.AbstractTestNGCucumberTests"/>
      </group> <!-- cucumber -->
    </groups>
    <test started-at="2022-02-20T13:12:51 EST" name="Test" finished-at="2022-02-20T13:13:05 EST" duration-ms="14222">
      <class name="com.cucumber.runner.RunnerFile">
        <test-method is-config="true" signature="setUpClass()[pri:0, instance:com.cucumber.runner.RunnerFile@593aaf41]" started-at="2022-02-20T13:12:51 EST" name="setUpClass" finished-at="2022-02-20T13:12:51 EST" duration-ms="503" status="PASS">
          <reporter-output>
          </reporter-output>
        </test-method> <!-- setUpClass -->
        <test-method signature="runScenario(io.cucumber.testng.PickleWrapper,io.cucumber.testng.FeatureWrapper)[pri:0, instance:com.cucumber.runner.RunnerFile@593aaf41]" started-at="2022-02-20T13:12:51 EST" name="runScenario" description="Runs Cucumber Scenarios" data-provider="scenarios" finished-at="2022-02-20T13:12:57 EST" duration-ms="5598" status="PASS">
          <params>
            <param index="0">
              <value>
                <![CDATA["Title of your Scenario Outline"]]>
              </value>
            </param>
            <param index="1">
              <value>
                <![CDATA["Optional[Title of your feature]"]]>
              </value>
            </param>
          </params>
          <reporter-output>
          </reporter-output>
        </test-method> <!-- runScenario -->
        <test-method signature="runScenario(io.cucumber.testng.PickleWrapper,io.cucumber.testng.FeatureWrapper)[pri:0, instance:com.cucumber.runner.RunnerFile@593aaf41]" started-at="2022-02-20T13:12:57 EST" name="runScenario" description="Runs Cucumber Scenarios" data-provider="scenarios" finished-at="2022-02-20T13:13:01 EST" duration-ms="4171" status="PASS">
          <params>
            <param index="0">
              <value>
                <![CDATA["Title of your Scenario Outline"]]>
              </value>
            </param>
            <param index="1">
              <value>
                <![CDATA["Optional[Title of your feature]"]]>
              </value>
            </param>
          </params>
          <reporter-output>
          </reporter-output>
        </test-method> <!-- runScenario -->
        <test-method signature="runScenario(io.cucumber.testng.PickleWrapper,io.cucumber.testng.FeatureWrapper)[pri:0, instance:com.cucumber.runner.RunnerFile@593aaf41]" started-at="2022-02-20T13:13:01 EST" name="runScenario" description="Runs Cucumber Scenarios" data-provider="scenarios" finished-at="2022-02-20T13:13:05 EST" duration-ms="3780" status="PASS">
          <params>
            <param index="0">
              <value>
                <![CDATA["Title of your Scenario Outline"]]>
              </value>
            </param>
            <param index="1">
              <value>
                <![CDATA["Optional[Title of your feature]"]]>
              </value>
            </param>
          </params>
          <reporter-output>
          </reporter-output>
        </test-method> <!-- runScenario -->
        <test-method is-config="true" signature="tearDownClass()[pri:0, instance:com.cucumber.runner.RunnerFile@593aaf41]" started-at="2022-02-20T13:13:05 EST" name="tearDownClass" finished-at="2022-02-20T13:13:05 EST" duration-ms="130" status="PASS">
          <reporter-output>
          </reporter-output>
        </test-method> <!-- tearDownClass -->
      </class> <!-- com.cucumber.runner.RunnerFile -->
    </test> <!-- Test -->
  </suite> <!-- Suite -->
</testng-results>
