<?xml version="1.0" encoding="UTF-8"?>
<testng-results ignored="0" total="3" passed="3" failed="0" skipped="0">
  <reporter-output>
  </reporter-output>
  <suite started-at="2022-02-20T12:45:53 EST" name="Default suite" finished-at="2022-02-20T12:46:06 EST" duration-ms="12981">
    <groups>
      <group name="cucumber">
        <method signature="AbstractTestNGCucumberTests.runScenario(io.cucumber.testng.PickleWrapper,io.cucumber.testng.FeatureWrapper)[pri:0, instance:com.cucumber.runner.RunnerFile@41a0aa7d]" name="runScenario" class="io.cucumber.testng.AbstractTestNGCucumberTests"/>
      </group> <!-- cucumber -->
    </groups>
    <test started-at="2022-02-20T12:45:53 EST" name="Default test" finished-at="2022-02-20T12:46:06 EST" duration-ms="12981">
      <class name="com.cucumber.runner.RunnerFile">
        <test-method is-config="true" signature="setUpClass()[pri:0, instance:com.cucumber.runner.RunnerFile@41a0aa7d]" started-at="2022-02-20T12:45:53 EST" name="setUpClass" finished-at="2022-02-20T12:45:54 EST" duration-ms="380" status="PASS">
          <reporter-output>
          </reporter-output>
        </test-method> <!-- setUpClass -->
        <test-method signature="runScenario(io.cucumber.testng.PickleWrapper,io.cucumber.testng.FeatureWrapper)[pri:0, instance:com.cucumber.runner.RunnerFile@41a0aa7d]" started-at="2022-02-20T12:45:54 EST" name="runScenario" description="Runs Cucumber Scenarios" data-provider="scenarios" finished-at="2022-02-20T12:45:59 EST" duration-ms="5039" status="PASS">
          <params>
            <param index="0">
              <value>
                <![CDATA["Title of your Scenario Outline"]]>
              </value>
            </param>
            <param index="1">
              <value>
                <![CDATA["Optional[Title of your feature]"]]>
              </value>
            </param>
          </params>
          <reporter-output>
          </reporter-output>
        </test-method> <!-- runScenario -->
        <test-method signature="runScenario(io.cucumber.testng.PickleWrapper,io.cucumber.testng.FeatureWrapper)[pri:0, instance:com.cucumber.runner.RunnerFile@41a0aa7d]" started-at="2022-02-20T12:45:59 EST" name="runScenario" description="Runs Cucumber Scenarios" data-provider="scenarios" finished-at="2022-02-20T12:46:02 EST" duration-ms="3679" status="PASS">
          <params>
            <param index="0">
              <value>
                <![CDATA["Title of your Scenario Outline"]]>
              </value>
            </param>
            <param index="1">
              <value>
                <![CDATA["Optional[Title of your feature]"]]>
              </value>
            </param>
          </params>
          <reporter-output>
          </reporter-output>
        </test-method> <!-- runScenario -->
        <test-method signature="runScenario(io.cucumber.testng.PickleWrapper,io.cucumber.testng.FeatureWrapper)[pri:0, instance:com.cucumber.runner.RunnerFile@41a0aa7d]" started-at="2022-02-20T12:46:02 EST" name="runScenario" description="Runs Cucumber Scenarios" data-provider="scenarios" finished-at="2022-02-20T12:46:06 EST" duration-ms="3706" status="PASS">
          <params>
            <param index="0">
              <value>
                <![CDATA["Title of your Scenario Outline"]]>
              </value>
            </param>
            <param index="1">
              <value>
                <![CDATA["Optional[Title of your feature]"]]>
              </value>
            </param>
          </params>
          <reporter-output>
          </reporter-output>
        </test-method> <!-- runScenario -->
        <test-method is-config="true" signature="tearDownClass()[pri:0, instance:com.cucumber.runner.RunnerFile@41a0aa7d]" started-at="2022-02-20T12:46:06 EST" name="tearDownClass" finished-at="2022-02-20T12:46:06 EST" duration-ms="111" status="PASS">
          <reporter-output>
          </reporter-output>
        </test-method> <!-- tearDownClass -->
      </class> <!-- com.cucumber.runner.RunnerFile -->
    </test> <!-- Default test -->
  </suite> <!-- Default suite -->
</testng-results>
